# Logfile created on Sat Oct 28 17:19:08 W. Europe Standard Time 2006 by logger.rb/1.5.2.7
D, [2006-10-28T17:19:08.641000 #2728] DEBUG -- : TRACING ON Sat Oct 28 17:19:08 W. Europe Standard Time 2006
FILES OPEN AT EXIT
--- 
C:/Documents and Settings/Guilhem Vellut/Desktop/GEopochi/GEopochi/config/../tmp/cache/metr/ortho/2/GEt_253_678.jpg: 1
C:/Documents and Settings/Guilhem Vellut/Desktop/GEopochi/GEopochi/config/../tmp/cache/metr/ortho/6/GEt_15_42.jpg: 1
C:/Documents and Settings/Guilhem Vellut/Desktop/GEopochi/GEopochi/config/../tmp/cache/metr/ortho/10/GEt_2_1.jpg: 1
C:/Documents and Settings/Guilhem Vellut/Desktop/GEopochi/GEopochi/config/../tmp/cache/metr/ortho/11/GEt_0_1.jpg: 1
C:/Documents and Settings/Guilhem Vellut/Desktop/GEopochi/GEopochi/config/../tmp/cache/metr/ortho/11/GEt_1_0.jpg: 1
C:/Documents and Settings/Guilhem Vellut/Desktop/GEopochi/GEopochi/config/../tmp/cache/metr/ortho/8/GEt_4_10.jpg: 1
C:/Documents and Settings/Guilhem Vellut/Desktop/GEopochi/GEopochi/config/../tmp/cache/metr/ortho/2/GEt_254_678.jpg: 1
C:/Documents and Settings/Guilhem Vellut/Desktop/GEopochi/GEopochi/config/../tmp/cache/guya/ortho/9/GEt_0_0.jpg: 1
C:/Documents and Settings/Guilhem Vellut/Desktop/GEopochi/GEopochi/config/../tmp/cache/metr/ortho/1/GEt_507_1357.jpg: 1
C:/Documents and Settings/Guilhem Vellut/Desktop/GEopochi/GEopochi/config/../tmp/cache/guad/ortho/10/GEt_0_0.jpg: 1
C:/Documents and Settings/Guilhem Vellut/Desktop/GEopochi/GEopochi/config/../tmp/cache/metr/ortho/9/GEt_1_4.jpg: 1
C:/Documents and Settings/Guilhem Vellut/Desktop/GEopochi/GEopochi/config/../tmp/cache/metr/ortho/9/GEt_2_3.jpg: 1
C:/Documents and Settings/Guilhem Vellut/Desktop/GEopochi/GEopochi/config/../tmp/cache/metr/ortho/7/GEt_9_21.jpg: 1
C:/Documents and Settings/Guilhem Vellut/Desktop/GEopochi/GEopochi/config/../tmp/cache/reun/ortho/8/GEt_0_0.jpg: 1
C:/Documents and Settings/Guilhem Vellut/Desktop/GEopochi/GEopochi/config/../tmp/cache/metr/ortho/10/GEt_3_1.jpg: 1
C:/Documents and Settings/Guilhem Vellut/Desktop/GEopochi/GEopochi/config/../tmp/cache/metr/ortho/10/GEt_2_2.jpg: 1
C:/Documents and Settings/Guilhem Vellut/Desktop/GEopochi/GEopochi/config/../log/production.log: 1
C:/Documents and Settings/Guilhem Vellut/Desktop/GEopochi/GEopochi/config/../tmp/cache/metr/ortho/8/GEt_4_9.jpg: 1
C:/Documents and Settings/Guilhem Vellut/Desktop/GEopochi/GEopochi/config/../tmp/cache/metr/ortho/11/GEt_1_1.jpg: 1
C:/Documents and Settings/Guilhem Vellut/Desktop/GEopochi/GEopochi/config/../tmp/cache/metr/ortho/9/GEt_2_2.jpg: 1
C:/Documents and Settings/Guilhem Vellut/Desktop/GEopochi/GEopochi/config/../tmp/cache/metr/ortho/12/GEt_0_0.jpg: 1
C:/Documents and Settings/Guilhem Vellut/Desktop/GEopochi/GEopochi/config/../tmp/cache/metr/ortho/3/GEt_125_340.jpg: 1
C:/Documents and Settings/Guilhem Vellut/Desktop/GEopochi/GEopochi/config/../tmp/cache/ncal/scan/7/GEt_0_0.jpg: 1
C:/Documents and Settings/Guilhem Vellut/Desktop/GEopochi/GEopochi/config/../tmp/cache/metr/ortho/3/GEt_126_340.jpg: 1
C:/Documents and Settings/Guilhem Vellut/Desktop/GEopochi/GEopochi/config/../tmp/cache/metr/ortho/10/GEt_0_2.jpg: 1
C:/Documents and Settings/Guilhem Vellut/Desktop/GEopochi/GEopochi/config/../tmp/cache/metr/ortho/2/GEt_251_680.jpg: 1
C:/Documents and Settings/Guilhem Vellut/Desktop/GEopochi/GEopochi/config/../tmp/cache/metr/ortho/1/GEt_507_1358.jpg: 1
C:/Documents and Settings/Guilhem Vellut/Desktop/GEopochi/GEopochi/config/../tmp/cache/metr/ortho/9/GEt_0_2.jpg: 1
C:/Documents and Settings/Guilhem Vellut/Desktop/GEopochi/GEopochi/config/../tmp/cache/metr/ortho/8/GEt_3_5.jpg: 1
C:/Documents and Settings/Guilhem Vellut/Desktop/GEopochi/GEopochi/config/../tmp/cache/metr/ortho/9/GEt_1_5.jpg: 1
C:/Documents and Settings/Guilhem Vellut/Desktop/GEopochi/GEopochi/config/../tmp/cache/metr/ortho/3/GEt_127_340.jpg: 1
C:/Documents and Settings/Guilhem Vellut/Desktop/GEopochi/GEopochi/config/../tmp/cache/metr/ortho/4/GEt_62_170.jpg: 1
C:/Documents and Settings/Guilhem Vellut/Desktop/GEopochi/GEopochi/config/../tmp/cache/metr/ortho/7/GEt_8_20.jpg: 1
C:/Documents and Settings/Guilhem Vellut/Desktop/GEopochi/GEopochi/config/../tmp/cache/metr/ortho/9/GEt_3_3.jpg: 1
C:/Documents and Settings/Guilhem Vellut/Desktop/GEopochi/GEopochi/config/../tmp/cache/metr/ortho/2/GEt_252_680.jpg: 1
C:/Documents and Settings/Guilhem Vellut/Desktop/GEopochi/GEopochi/config/../tmp/cache/metr/ortho/6/GEt_17_42.jpg: 1
C:/Documents and Settings/Guilhem Vellut/Desktop/GEopochi/GEopochi/config/../tmp/cache/metr/ortho/5/GEt_31_85.jpg: 1
C:/Documents and Settings/Guilhem Vellut/Desktop/GEopochi/GEopochi/config/../tmp/cache/metr/ortho/9/GEt_2_4.jpg: 1
C:/Documents and Settings/Guilhem Vellut/Desktop/GEopochi/GEopochi/config/../tmp/cache/metr/ortho/8/GEt_5_9.jpg: 1
C:/Documents and Settings/Guilhem Vellut/Desktop/GEopochi/GEopochi/config/../tmp/cache/metr/ortho/10/GEt_3_2.jpg: 1
C:/Documents and Settings/Guilhem Vellut/Desktop/GEopochi/GEopochi/config/../tmp/cache/metr/ortho/10/GEt_1_0.jpg: 1
C:/Documents and Settings/Guilhem Vellut/Desktop/GEopochi/GEopochi/config/../tmp/cache/metr/ortho/7/GEt_7_20.jpg: 1
C:/Documents and Settings/Guilhem Vellut/Desktop/GEopochi/GEopochi/config/../tmp/cache/metr/ortho/8/GEt_3_10.jpg: 1
C:/Documents and Settings/Guilhem Vellut/Desktop/GEopochi/GEopochi/config/../tmp/cache/metr/ortho/10/GEt_0_1.jpg: 1
C:/Documents and Settings/Guilhem Vellut/Desktop/GEopochi/GEopochi/config/../tmp/cache/spm/scan/4/GEt_0_0.jpg: 1
C:/Documents and Settings/Guilhem Vellut/Desktop/GEopochi/GEopochi/config/../tmp/cache/metr/ortho/5/GEt_31_84.jpg: 1
C:/Documents and Settings/Guilhem Vellut/Desktop/GEopochi/GEopochi/config/../tmp/cache/metr/ortho/9/GEt_3_2.jpg: 1
C:/Documents and Settings/Guilhem Vellut/Desktop/GEopochi/GEopochi/config/../public/images/na.jpg: 33
C:/Documents and Settings/Guilhem Vellut/Desktop/GEopochi/GEopochi/config/../tmp/cache/metr/ortho/3/GEt_125_338.jpg: 1
C:/Documents and Settings/Guilhem Vellut/Desktop/GEopochi/GEopochi/config/../tmp/cache/metr/ortho/3/GEt_126_338.jpg: 1
C:/Documents and Settings/Guilhem Vellut/Desktop/GEopochi/GEopochi/config/../tmp/cache/metr/ortho/7/GEt_8_21.jpg: 1
C:/Documents and Settings/Guilhem Vellut/Desktop/GEopochi/GEopochi/config/../tmp/cache/metr/ortho/2/GEt_252_678.jpg: 1
C:/Documents and Settings/Guilhem Vellut/Desktop/GEopochi/GEopochi/config/../tmp/cache/metr/ortho/9/GEt_1_2.jpg: 1
C:/Documents and Settings/Guilhem Vellut/Desktop/GEopochi/GEopochi/config/../tmp/cache/mart/ortho/7/GEt_0_0.jpg: 1
C:/Documents and Settings/Guilhem Vellut/Desktop/GEopochi/GEopochi/config/../tmp/cache/metr/ortho/8/GEt_4_5.jpg: 1
C:/Documents and Settings/Guilhem Vellut/Desktop/GEopochi/GEopochi/config/../tmp/cache/metr/ortho/9/GEt_2_5.jpg: 1
C:/Documents and Settings/Guilhem Vellut/Desktop/GEopochi/GEopochi/config/../tmp/cache/metr/ortho/1/GEt_505_1357.jpg: 1
C:/Documents and Settings/Guilhem Vellut/Desktop/GEopochi/GEopochi/config/../tmp/cache/metr/ortho/3/GEt_127_338.jpg: 1
C:/Documents and Settings/Guilhem Vellut/Desktop/GEopochi/GEopochi/config/../tmp/cache/metr/ortho/9/GEt_3_4.jpg: 1
C:/Documents and Settings/Guilhem Vellut/Desktop/GEopochi/GEopochi/config/../tmp/cache/metr/ortho/9/GEt_0_3.jpg: 1
C:/Documents and Settings/Guilhem Vellut/Desktop/GEopochi/GEopochi/config/../tmp/cache/metr/ortho/7/GEt_7_21.jpg: 1
C:/Documents and Settings/Guilhem Vellut/Desktop/GEopochi/GEopochi/config/../tmp/cache/metr/ortho/6/GEt_16_41.jpg: 1
C:/Documents and Settings/Guilhem Vellut/Desktop/GEopochi/GEopochi/config/../tmp/cache/metr/ortho/1/GEt_506_1357.jpg: 1
C:/Documents and Settings/Guilhem Vellut/Desktop/GEopochi/GEopochi/config/../tmp/cache/metr/ortho/11/GEt_0_0.jpg: 1
C:/Documents and Settings/Guilhem Vellut/Desktop/GEopochi/GEopochi/config/../tmp/cache/mayo/ortho/7/GEt_0_0.jpg: 1
C:/Documents and Settings/Guilhem Vellut/Desktop/GEopochi/GEopochi/config/../tmp/cache/metr/ortho/4/GEt_63_170.jpg: 1
C:/Documents and Settings/Guilhem Vellut/Desktop/GEopochi/GEopochi/config/../tmp/cache/metr/ortho/10/GEt_1_1.jpg: 1
C:/Documents and Settings/Guilhem Vellut/Desktop/GEopochi/GEopochi/config/../tmp/cache/metr/ortho/3/GEt_125_339.jpg: 1
log/mongrel_debug/files.log: 1
C:/Documents and Settings/Guilhem Vellut/Desktop/GEopochi/GEopochi/config/../tmp/cache/wafu/ortho/9/GEt_0_0.jpg: 1
C:/Documents and Settings/Guilhem Vellut/Desktop/GEopochi/GEopochi/config/../tmp/cache/metr/ortho/2/GEt_253_680.jpg: 1
C:/Documents and Settings/Guilhem Vellut/Desktop/GEopochi/GEopochi/config/../tmp/cache/metr/ortho/2/GEt_254_680.jpg: 1
C:/Documents and Settings/Guilhem Vellut/Desktop/GEopochi/GEopochi/config/../tmp/cache/metr/ortho/2/GEt_251_679.jpg: 1
C:/Documents and Settings/Guilhem Vellut/Desktop/GEopochi/GEopochi/config/../tmp/cache/metr/ortho/3/GEt_126_339.jpg: 1
C:/Documents and Settings/Guilhem Vellut/Desktop/GEopochi/GEopochi/config/../tmp/cache/metr/ortho/2/GEt_252_679.jpg: 1
C:/Documents and Settings/Guilhem Vellut/Desktop/GEopochi/GEopochi/config/../tmp/cache/metr/ortho/4/GEt_62_169.jpg: 1
C:/Documents and Settings/Guilhem Vellut/Desktop/GEopochi/GEopochi/config/../tmp/cache/metr/ortho/7/GEt_9_20.jpg: 1
C:/Documents and Settings/Guilhem Vellut/Desktop/GEopochi/GEopochi/config/../tmp/cache/metr/ortho/1/GEt_505_1358.jpg: 1
C:/Documents and Settings/Guilhem Vellut/Desktop/GEopochi/GEopochi/config/../tmp/cache/metr/ortho/6/GEt_16_42.jpg: 1
C:/Documents and Settings/Guilhem Vellut/Desktop/GEopochi/GEopochi/config/../tmp/cache/metr/ortho/3/GEt_127_339.jpg: 1
C:/Documents and Settings/Guilhem Vellut/Desktop/GEopochi/GEopochi/config/../tmp/cache/metr/ortho/0/GEt_1017_2714.jpg: 1
C:/Documents and Settings/Guilhem Vellut/Desktop/GEopochi/GEopochi/config/../tmp/cache/metr/ortho/2/GEt_253_679.jpg: 1
C:/Documents and Settings/Guilhem Vellut/Desktop/GEopochi/GEopochi/config/../tmp/cache/metr/ortho/4/GEt_63_169.jpg: 1
C:/Documents and Settings/Guilhem Vellut/Desktop/GEopochi/GEopochi/config/../tmp/cache/metr/ortho/9/GEt_1_3.jpg: 1
C:/Documents and Settings/Guilhem Vellut/Desktop/GEopochi/GEopochi/config/../tmp/cache/metr/ortho/2/GEt_254_679.jpg: 1
C:/Documents and Settings/Guilhem Vellut/Desktop/GEopochi/GEopochi/config/../tmp/cache/metr/ortho/1/GEt_506_1358.jpg: 1
C:/Documents and Settings/Guilhem Vellut/Desktop/GEopochi/GEopochi/config/../tmp/cache/metr/ortho/10/GEt_1_2.jpg: 1
C:/Documents and Settings/Guilhem Vellut/Desktop/GEopochi/GEopochi/config/../tmp/cache/metr/ortho/8/GEt_3_9.jpg: 1

D, [2006-10-30T09:41:17.041000 #1144] DEBUG -- : TRACING ON Mon Oct 30 09:41:17 W. Europe Standard Time 2006
D, [2006-10-30T20:12:14.167000 #2228] DEBUG -- : TRACING ON Mon Oct 30 20:12:14 Romance Standard Time 2006
D, [2006-10-31T20:31:53.045000 #972] DEBUG -- : TRACING ON Tue Oct 31 20:31:53 Romance Standard Time 2006
D, [2006-11-03T10:21:47.373000 #3848] DEBUG -- : TRACING ON Fri Nov 03 10:21:47 Romance Standard Time 2006
FILES OPEN AT EXIT
--- 
log/mongrel_debug/files.log: 1
C:/Documents and Settings/Guilhem Vellut/Desktop/GEopochi/GEopochi/config/../log/production.log: 1
C:/Documents and Settings/Guilhem Vellut/Desktop/GEopochi/GEopochi/config/../tmp/cache/wafu/ortho/9/GEt_0_0.jpg: 1

D, [2006-11-10T15:30:19.982000 #1080] DEBUG -- : TRACING ON Fri Nov 10 15:30:19 Romance Standard Time 2006
D, [2006-11-10T19:14:30.923000 #3912] DEBUG -- : TRACING ON Fri Nov 10 19:14:30 Romance Standard Time 2006
D, [2006-11-17T21:24:17.124000 #2084] DEBUG -- : TRACING ON Fri Nov 17 21:24:17 Romance Standard Time 2006
D, [2006-11-18T00:40:48.419000 #2332] DEBUG -- : TRACING ON Sat Nov 18 00:40:48 Romance Standard Time 2006
FILES OPEN AT EXIT
--- 
C:/Documents and Settings/Guilhem Vellut/Desktop/Science/GEopochi/GEopochi/GEopochi/config/../tmp/cache/wafu/ortho/9/GEt_0_0.jpg: 1
C:/Documents and Settings/Guilhem Vellut/Desktop/Science/GEopochi/GEopochi/GEopochi/config/../tmp/cache/wafu/ortho/7/t_6_5.jpg: 1
log/mongrel_debug/files.log: 1
C:/Documents and Settings/Guilhem Vellut/Desktop/Science/GEopochi/GEopochi/GEopochi/config/../tmp/cache/wafu/ortho/7/t_7_0.jpg: 1
C:/Documents and Settings/Guilhem Vellut/Desktop/Science/GEopochi/GEopochi/GEopochi/config/../log/production.log: 1

D, [2006-11-18T00:43:23.612000 #736] DEBUG -- : TRACING ON Sat Nov 18 00:43:23 Romance Standard Time 2006
D, [2006-11-18T00:44:28.455000 #832] DEBUG -- : TRACING ON Sat Nov 18 00:44:28 Romance Standard Time 2006
D, [2006-11-18T00:51:28.399000 #548] DEBUG -- : TRACING ON Sat Nov 18 00:51:28 Romance Standard Time 2006
FILES OPEN AT EXIT
--- 
C:/Documents and Settings/Guilhem Vellut/Desktop/Science/GEopochi/GEopochi/GEopochi/config/../tmp/cache/wafu/ortho/7/t_7_2.jpg: 1
log/mongrel_debug/files.log: 1
C:/Documents and Settings/Guilhem Vellut/Desktop/Science/GEopochi/GEopochi/GEopochi/config/../log/production.log: 1

D, [2006-11-18T00:53:26.018000 #204] DEBUG -- : TRACING ON Sat Nov 18 00:53:26 Romance Standard Time 2006
D, [2006-11-18T00:54:32.884000 #668] DEBUG -- : TRACING ON Sat Nov 18 00:54:32 Romance Standard Time 2006
D, [2006-11-18T00:57:42.577000 #4020] DEBUG -- : TRACING ON Sat Nov 18 00:57:42 Romance Standard Time 2006
D, [2006-11-18T01:01:44.705000 #2720] DEBUG -- : TRACING ON Sat Nov 18 01:01:44 Romance Standard Time 2006
D, [2006-11-18T01:14:07.113000 #3372] DEBUG -- : TRACING ON Sat Nov 18 01:14:07 Romance Standard Time 2006
FILES OPEN AT EXIT
--- 
log/mongrel_debug/files.log: 1
C:/Documents and Settings/Guilhem Vellut/Desktop/Science/GEopochi/GEopochi/GEopochi/config/../tmp/cache/mart/ortho/4/t_14_18.jpg: 1
C:/Documents and Settings/Guilhem Vellut/Desktop/Science/GEopochi/GEopochi/GEopochi/config/../log/production.log: 1

D, [2006-11-18T04:21:57.198000 #3236] DEBUG -- : TRACING ON Sat Nov 18 04:21:57 Romance Standard Time 2006
D, [2006-11-19T15:03:44.722000 #4012] DEBUG -- : TRACING ON Sun Nov 19 15:03:44 Romance Standard Time 2006
D, [2006-11-21T11:48:06.434000 #3340] DEBUG -- : TRACING ON Tue Nov 21 11:48:06 Romance Standard Time 2006
D, [2006-11-21T11:59:09.938000 #2696] DEBUG -- : TRACING ON Tue Nov 21 11:59:09 Romance Standard Time 2006
D, [2006-11-21T12:01:07.457000 #3536] DEBUG -- : TRACING ON Tue Nov 21 12:01:07 Romance Standard Time 2006
D, [2006-11-24T12:40:48.529000 #3300] DEBUG -- : TRACING ON Fri Nov 24 12:40:48 Romance Standard Time 2006
D, [2006-11-24T12:51:13.207000 #724] DEBUG -- : TRACING ON Fri Nov 24 12:51:13 Romance Standard Time 2006
D, [2006-11-24T13:23:53.125000 #3644] DEBUG -- : TRACING ON Fri Nov 24 13:23:53 Romance Standard Time 2006
D, [2006-11-24T16:10:33.255000 #3824] DEBUG -- : TRACING ON Fri Nov 24 16:10:33 Romance Standard Time 2006
D, [2006-11-25T16:12:31.528000 #1120] DEBUG -- : TRACING ON Sat Nov 25 16:12:31 Romance Standard Time 2006
D, [2006-11-29T07:39:54.866000 #3088] DEBUG -- : TRACING ON Wed Nov 29 07:39:54 Romance Standard Time 2006
D, [2006-12-07T08:42:16.600000 #1520] DEBUG -- : TRACING ON Thu Dec 07 08:42:16 Romance Standard Time 2006
D, [2007-01-11T09:03:22.782000 #2316] DEBUG -- : TRACING ON Thu Jan 11 09:03:22 Romance Standard Time 2007
D, [2007-01-20T12:59:48.656000 #2364] DEBUG -- : TRACING ON Sat Jan 20 12:59:48 Romance Standard Time 2007
FILES OPEN AT EXIT
--- 
C:/Documents and Settings/Guilhem Vellut/Desktop/Science/GEopochi/GEopochi/GEopochi/config/../tmp/cache/wafu/ortho/2/GEt_1_95.jpg: 1
C:/Documents and Settings/Guilhem Vellut/Desktop/Science/GEopochi/GEopochi/GEopochi/config/../tmp/cache/spm/ortho/3/GEt_4_4.jpg: 1
C:/Documents and Settings/Guilhem Vellut/Desktop/Science/GEopochi/GEopochi/GEopochi/config/../tmp/cache/spm/ortho/5/GEt_0_1.jpg: 1
C:/Documents and Settings/Guilhem Vellut/Desktop/Science/GEopochi/GEopochi/GEopochi/config/../tmp/cache/wafu/ortho/0/GEt_6_383.jpg: 1
C:/Documents and Settings/Guilhem Vellut/Desktop/Science/GEopochi/GEopochi/GEopochi/config/../tmp/cache/spm/ortho/1/GEt_17_23.jpg: 1
C:/Documents and Settings/Guilhem Vellut/Desktop/Science/GEopochi/GEopochi/GEopochi/config/../tmp/cache/wafu/ortho/3/GEt_0_48.jpg: 1
C:/Documents and Settings/Guilhem Vellut/Desktop/Science/GEopochi/GEopochi/GEopochi/config/../tmp/cache/spm/ortho/6/GEt_0_0.jpg: 1
C:/Documents and Settings/Guilhem Vellut/Desktop/Science/GEopochi/GEopochi/GEopochi/config/../tmp/cache/spm/ortho/0/GEt_37_58.jpg: 1
C:/Documents and Settings/Guilhem Vellut/Desktop/Science/GEopochi/GEopochi/GEopochi/config/../tmp/cache/spm/ortho/0/GEt_49_55.jpg: 1
C:/Documents and Settings/Guilhem Vellut/Desktop/Science/GEopochi/GEopochi/GEopochi/config/../tmp/cache/spm/ortho/2/GEt_12_14.jpg: 1
C:/Documents and Settings/Guilhem Vellut/Desktop/Science/GEopochi/GEopochi/GEopochi/config/../tmp/cache/spm/ortho/1/GEt_18_28.jpg: 1
C:/Documents and Settings/Guilhem Vellut/Desktop/Science/GEopochi/GEopochi/GEopochi/config/../tmp/cache/wafu/ortho/5/GEt_0_12.jpg: 1
C:/Documents and Settings/Guilhem Vellut/Desktop/Science/GEopochi/GEopochi/GEopochi/config/../tmp/cache/spm/ortho/2/GEt_9_10.jpg: 1
C:/Documents and Settings/Guilhem Vellut/Desktop/Science/GEopochi/GEopochi/GEopochi/config/../tmp/cache/wafu/ortho/6/GEt_0_6.jpg: 1
C:/Documents and Settings/Guilhem Vellut/Desktop/Science/GEopochi/GEopochi/GEopochi/config/../tmp/cache/mart/ortho/4/GEt_4_3.jpg: 1
C:/Documents and Settings/Guilhem Vellut/Desktop/Science/GEopochi/GEopochi/GEopochi/config/../tmp/cache/spm/ortho/2/GEt_10_12.jpg: 2
C:/Documents and Settings/Guilhem Vellut/Desktop/Science/GEopochi/GEopochi/GEopochi/config/../tmp/cache/spm/ortho/3/GEt_5_7.jpg: 1
C:/Documents and Settings/Guilhem Vellut/Desktop/Science/GEopochi/GEopochi/GEopochi/config/../tmp/cache/wafu/ortho/2/GEt_3_96.jpg: 1
C:/Documents and Settings/Guilhem Vellut/Desktop/Science/GEopochi/GEopochi/GEopochi/config/../tmp/cache/spm/ortho/4/GEt_2_2.jpg: 2
C:/Documents and Settings/Guilhem Vellut/Desktop/Science/GEopochi/GEopochi/GEopochi/config/../tmp/cache/spm/ortho/3/GEt_6_6.jpg: 2
C:/Documents and Settings/Guilhem Vellut/Desktop/Science/GEopochi/GEopochi/GEopochi/config/../tmp/cache/wafu/ortho/0/GEt_5_387.jpg: 1
C:/Documents and Settings/Guilhem Vellut/Desktop/Science/GEopochi/GEopochi/GEopochi/config/../tmp/cache/wafu/ortho/1/GEt_4_190.jpg: 1
C:/Documents and Settings/Guilhem Vellut/Desktop/Science/GEopochi/GEopochi/GEopochi/config/../tmp/cache/spm/ortho/1/GEt_25_28.jpg: 1
C:/Documents and Settings/Guilhem Vellut/Desktop/Science/GEopochi/GEopochi/GEopochi/config/../tmp/cache/spm/ortho/0/GEt_45_48.jpg: 1
C:/Documents and Settings/Guilhem Vellut/Desktop/Science/GEopochi/GEopochi/GEopochi/config/../tmp/cache/wafu/ortho/0/GEt_6_382.jpg: 1
C:/Documents and Settings/Guilhem Vellut/Desktop/Science/GEopochi/GEopochi/GEopochi/config/../tmp/cache/metr/ortho/12/GEt_0_0.jpg: 1
C:/Documents and Settings/Guilhem Vellut/Desktop/Science/GEopochi/GEopochi/GEopochi/config/../tmp/cache/mart/ortho/3/GEt_10_8.jpg: 1
C:/Documents and Settings/Guilhem Vellut/Desktop/Science/GEopochi/GEopochi/GEopochi/config/../tmp/cache/spm/ortho/3/GEt_4_7.jpg: 1
C:/Documents and Settings/Guilhem Vellut/Desktop/Science/GEopochi/GEopochi/GEopochi/config/../tmp/cache/spm/ortho/1/GEt_19_28.jpg: 1
C:/Documents and Settings/Guilhem Vellut/Desktop/Science/GEopochi/GEopochi/GEopochi/config/../tmp/cache/spm/ortho/2/GEt_9_13.jpg: 2
C:/Documents and Settings/Guilhem Vellut/Desktop/Science/GEopochi/GEopochi/GEopochi/config/../tmp/cache/spm/ortho/3/GEt_5_6.jpg: 1
C:/Documents and Settings/Guilhem Vellut/Desktop/Science/GEopochi/GEopochi/GEopochi/config/../tmp/cache/spm/ortho/2/GEt_11_12.jpg: 2
C:/Documents and Settings/Guilhem Vellut/Desktop/Science/GEopochi/GEopochi/GEopochi/config/../tmp/cache/spm/ortho/4/GEt_1_2.jpg: 2
C:/Documents and Settings/Guilhem Vellut/Desktop/Science/GEopochi/GEopochi/GEopochi/config/../tmp/cache/wafu/ortho/2/GEt_4_96.jpg: 1
C:/Documents and Settings/Guilhem Vellut/Desktop/Science/GEopochi/GEopochi/GEopochi/config/../tmp/cache/spm/ortho/1/GEt_16_29.jpg: 1
C:/Documents and Settings/Guilhem Vellut/Desktop/Science/GEopochi/GEopochi/GEopochi/config/../tmp/cache/spm/ortho/2/GEt_7_11.jpg: 1
C:/Documents and Settings/Guilhem Vellut/Desktop/Science/GEopochi/GEopochi/GEopochi/config/../tmp/cache/spm/ortho/0/GEt_35_59.jpg: 1
C:/Documents and Settings/Guilhem Vellut/Desktop/Science/GEopochi/GEopochi/GEopochi/config/../tmp/cache/wafu/ortho/2/GEt_2_94.jpg: 1
C:/Documents and Settings/Guilhem Vellut/Desktop/Science/GEopochi/GEopochi/GEopochi/config/../tmp/cache/wafu/ortho/4/GEt_2_25.jpg: 1
C:/Documents and Settings/Guilhem Vellut/Desktop/Science/GEopochi/GEopochi/GEopochi/config/../tmp/cache/spm/ortho/0/GEt_45_54.jpg: 1
C:/Documents and Settings/Guilhem Vellut/Desktop/Science/GEopochi/GEopochi/GEopochi/config/../tmp/cache/spm/ortho/3/GEt_3_7.jpg: 1
C:/Documents and Settings/Guilhem Vellut/Desktop/Science/GEopochi/GEopochi/GEopochi/config/../tmp/cache/mart/ortho/3/GEt_9_7.jpg: 1
C:/Documents and Settings/Guilhem Vellut/Desktop/Science/GEopochi/GEopochi/GEopochi/config/../tmp/cache/wafu/ortho/4/GEt_0_23.jpg: 1
C:/Documents and Settings/Guilhem Vellut/Desktop/Science/GEopochi/GEopochi/GEopochi/config/../tmp/cache/wafu/ortho/2/GEt_1_97.jpg: 1
C:/Documents and Settings/Guilhem Vellut/Desktop/Science/GEopochi/GEopochi/GEopochi/config/../tmp/cache/wafu/ortho/1/GEt_4_193.jpg: 1
C:/Documents and Settings/Guilhem Vellut/Desktop/Science/GEopochi/GEopochi/GEopochi/config/../tmp/cache/spm/ortho/1/GEt_18_22.jpg: 1
C:/Documents and Settings/Guilhem Vellut/Desktop/Science/GEopochi/GEopochi/GEopochi/config/../tmp/cache/spm/ortho/4/GEt_0_2.jpg: 1
C:/Documents and Settings/Guilhem Vellut/Desktop/Science/GEopochi/GEopochi/GEopochi/config/../tmp/cache/wafu/ortho/0/GEt_6_385.jpg: 1
C:/Documents and Settings/Guilhem Vellut/Desktop/Science/GEopochi/GEopochi/GEopochi/config/../tmp/cache/spm/ortho/1/GEt_24_26.jpg: 1
C:/Documents and Settings/Guilhem Vellut/Desktop/Science/GEopochi/GEopochi/GEopochi/config/../tmp/cache/spm/ortho/3/GEt_4_6.jpg: 1
C:/Documents and Settings/Guilhem Vellut/Desktop/Science/GEopochi/GEopochi/GEopochi/config/../tmp/cache/wafu/ortho/3/GEt_1_49.jpg: 1
C:/Documents and Settings/Guilhem Vellut/Desktop/Science/GEopochi/GEopochi/GEopochi/config/../tmp/cache/spm/ortho/1/GEt_23_29.jpg: 1
C:/Documents and Settings/Guilhem Vellut/Desktop/Science/GEopochi/GEopochi/GEopochi/config/../tmp/cache/spm/ortho/4/GEt_1_1.jpg: 1
C:/Documents and Settings/Guilhem Vellut/Desktop/Science/GEopochi/GEopochi/GEopochi/config/../tmp/cache/spm/ortho/1/GEt_22_24.jpg: 1
C:/Documents and Settings/Guilhem Vellut/Desktop/Science/GEopochi/GEopochi/GEopochi/config/../tmp/cache/spm/ortho/2/GEt_9_12.jpg: 1
C:/Documents and Settings/Guilhem Vellut/Desktop/Science/GEopochi/GEopochi/GEopochi/config/../tmp/cache/spm/ortho/1/GEt_21_27.jpg: 1
C:/Documents and Settings/Guilhem Vellut/Desktop/Science/GEopochi/GEopochi/GEopochi/config/../tmp/cache/spm/ortho/5/GEt_1_0.jpg: 1
C:/Documents and Settings/Guilhem Vellut/Desktop/Science/GEopochi/GEopochi/GEopochi/config/../tmp/cache/spm/ortho/1/GEt_17_29.jpg: 1
C:/Documents and Settings/Guilhem Vellut/Desktop/Science/GEopochi/GEopochi/GEopochi/config/../tmp/cache/mart/ortho/3/GEt_8_7.jpg: 1
C:/Documents and Settings/Guilhem Vellut/Desktop/Science/GEopochi/GEopochi/GEopochi/config/../tmp/cache/mart/ortho/6/GEt_0_0.jpg: 1
C:/Documents and Settings/Guilhem Vellut/Desktop/Science/GEopochi/GEopochi/GEopochi/config/../tmp/cache/wafu/ortho/6/GEt_1_5.jpg: 1
C:/Documents and Settings/Guilhem Vellut/Desktop/Science/GEopochi/GEopochi/GEopochi/config/../tmp/cache/wafu/ortho/1/GEt_4_192.jpg: 1
C:/Documents and Settings/Guilhem Vellut/Desktop/Science/GEopochi/GEopochi/GEopochi/config/../tmp/cache/wafu/ortho/4/GEt_1_23.jpg: 1
C:/Documents and Settings/Guilhem Vellut/Desktop/Science/GEopochi/GEopochi/GEopochi/config/../tmp/cache/spm/ortho/2/GEt_7_14.jpg: 1
C:/Documents and Settings/Guilhem Vellut/Desktop/Science/GEopochi/GEopochi/GEopochi/config/../tmp/cache/spm/ortho/0/GEt_50_56.jpg: 1
C:/Documents and Settings/Guilhem Vellut/Desktop/Science/GEopochi/GEopochi/GEopochi/config/../tmp/cache/wafu/ortho/2/GEt_0_95.jpg: 1
C:/Documents and Settings/Guilhem Vellut/Desktop/Science/GEopochi/GEopochi/GEopochi/config/../tmp/cache/guad/ortho/10/GEt_0_0.jpg: 1
C:/Documents and Settings/Guilhem Vellut/Desktop/Science/GEopochi/GEopochi/GEopochi/config/../tmp/cache/spm/ortho/0/GEt_49_54.jpg: 1
C:/Documents and Settings/Guilhem Vellut/Desktop/Science/GEopochi/GEopochi/GEopochi/config/../tmp/cache/spm/ortho/1/GEt_17_28.jpg: 1
C:/Documents and Settings/Guilhem Vellut/Desktop/Science/GEopochi/GEopochi/GEopochi/config/../tmp/cache/spm/ortho/2/GEt_8_10.jpg: 1
C:/Documents and Settings/Guilhem Vellut/Desktop/Science/GEopochi/GEopochi/GEopochi/config/../tmp/cache/spm/ortho/2/GEt_12_13.jpg: 1
C:/Documents and Settings/Guilhem Vellut/Desktop/Science/GEopochi/GEopochi/GEopochi/config/../tmp/cache/wafu/ortho/5/GEt_0_11.jpg: 1
C:/Documents and Settings/Guilhem Vellut/Desktop/Science/GEopochi/GEopochi/GEopochi/config/../tmp/cache/spm/ortho/1/GEt_16_23.jpg: 1
C:/Documents and Settings/Guilhem Vellut/Desktop/Science/GEopochi/GEopochi/GEopochi/config/../tmp/cache/wafu/ortho/3/GEt_0_47.jpg: 1
C:/Documents and Settings/Guilhem Vellut/Desktop/Science/GEopochi/GEopochi/GEopochi/config/../tmp/cache/spm/ortho/1/GEt_22_27.jpg: 1
C:/Documents and Settings/Guilhem Vellut/Desktop/Science/GEopochi/GEopochi/GEopochi/config/../tmp/cache/spm/ortho/0/GEt_36_58.jpg: 1
C:/Documents and Settings/Guilhem Vellut/Desktop/Science/GEopochi/GEopochi/GEopochi/config/../tmp/cache/spm/ortho/2/GEt_9_15.jpg: 1
C:/Documents and Settings/Guilhem Vellut/Desktop/Science/GEopochi/GEopochi/GEopochi/config/../tmp/cache/wafu/ortho/1/GEt_3_192.jpg: 1
C:/Documents and Settings/Guilhem Vellut/Desktop/Science/GEopochi/GEopochi/GEopochi/config/../tmp/cache/wafu/ortho/0/GEt_7_385.jpg: 1
C:/Documents and Settings/Guilhem Vellut/Desktop/Science/GEopochi/GEopochi/GEopochi/config/../tmp/cache/wafu/ortho/6/GEt_0_5.jpg: 1
C:/Documents and Settings/Guilhem Vellut/Desktop/Science/GEopochi/GEopochi/GEopochi/config/../tmp/cache/mart/ortho/3/GEt_11_7.jpg: 1
C:/Documents and Settings/Guilhem Vellut/Desktop/Science/GEopochi/GEopochi/GEopochi/config/../tmp/cache/wafu/ortho/0/GEt_5_384.jpg: 1
C:/Documents and Settings/Guilhem Vellut/Desktop/Science/GEopochi/GEopochi/GEopochi/config/../tmp/cache/spm/ortho/3/GEt_6_5.jpg: 2
C:/Documents and Settings/Guilhem Vellut/Desktop/Science/GEopochi/GEopochi/GEopochi/config/../tmp/cache/spm/ortho/0/GEt_50_55.jpg: 1
C:/Documents and Settings/Guilhem Vellut/Desktop/Science/GEopochi/GEopochi/GEopochi/config/../tmp/cache/mart/ortho/3/GEt_9_9.jpg: 1
C:/Documents and Settings/Guilhem Vellut/Desktop/Science/GEopochi/GEopochi/GEopochi/config/../tmp/cache/wafu/ortho/4/GEt_0_25.jpg: 1
C:/Documents and Settings/Guilhem Vellut/Desktop/Science/GEopochi/GEopochi/GEopochi/config/../tmp/cache/wafu/ortho/7/GEt_1_3.jpg: 1
C:/Documents and Settings/Guilhem Vellut/Desktop/Science/GEopochi/GEopochi/GEopochi/config/../tmp/cache/wafu/ortho/3/GEt_2_48.jpg: 1
C:/Documents and Settings/Guilhem Vellut/Desktop/Science/GEopochi/GEopochi/GEopochi/config/../tmp/cache/spm/ortho/1/GEt_24_28.jpg: 1
C:/Documents and Settings/Guilhem Vellut/Desktop/Science/GEopochi/GEopochi/GEopochi/config/../tmp/cache/spm/ortho/2/GEt_13_13.jpg: 1
C:/Documents and Settings/Guilhem Vellut/Desktop/Science/GEopochi/GEopochi/GEopochi/config/../tmp/cache/spm/ortho/1/GEt_22_26.jpg: 1
C:/Documents and Settings/Guilhem Vellut/Desktop/Science/GEopochi/GEopochi/GEopochi/config/../tmp/cache/mart/ortho/3/GEt_10_7.jpg: 1
C:/Documents and Settings/Guilhem Vellut/Desktop/Science/GEopochi/GEopochi/GEopochi/config/../tmp/cache/spm/ortho/2/GEt_11_11.jpg: 1
C:/Documents and Settings/Guilhem Vellut/Desktop/Science/GEopochi/GEopochi/GEopochi/config/../tmp/cache/spm/ortho/2/GEt_8_13.jpg: 1
C:/Documents and Settings/Guilhem Vellut/Desktop/Science/GEopochi/GEopochi/GEopochi/config/../tmp/cache/wafu/ortho/1/GEt_3_191.jpg: 1
C:/Documents and Settings/Guilhem Vellut/Desktop/Science/GEopochi/GEopochi/GEopochi/config/../tmp/cache/wafu/ortho/2/GEt_4_95.jpg: 1
C:/Documents and Settings/Guilhem Vellut/Desktop/Science/GEopochi/GEopochi/GEopochi/config/../tmp/cache/spm/ortho/1/GEt_20_28.jpg: 1
C:/Documents and Settings/Guilhem Vellut/Desktop/Science/GEopochi/GEopochi/GEopochi/config/../tmp/cache/spm/ortho/3/GEt_2_5.jpg: 1
C:/Documents and Settings/Guilhem Vellut/Desktop/Science/GEopochi/GEopochi/GEopochi/config/../tmp/cache/spm/ortho/0/GEt_34_59.jpg: 1
C:/Documents and Settings/Guilhem Vellut/Desktop/Science/GEopochi/GEopochi/GEopochi/config/../tmp/cache/wafu/ortho/8/GEt_0_0.jpg: 1
C:/Documents and Settings/Guilhem Vellut/Desktop/Science/GEopochi/GEopochi/GEopochi/config/../tmp/cache/spm/ortho/2/GEt_10_14.jpg: 1
C:/Documents and Settings/Guilhem Vellut/Desktop/Science/GEopochi/GEopochi/GEopochi/config/../tmp/cache/mart/ortho/3/GEt_8_9.jpg: 1
C:/Documents and Settings/Guilhem Vellut/Desktop/Science/GEopochi/GEopochi/GEopochi/config/../tmp/cache/mart/ortho/4/GEt_5_4.jpg: 1
C:/Documents and Settings/Guilhem Vellut/Desktop/Science/GEopochi/GEopochi/GEopochi/config/../tmp/cache/wafu/ortho/4/GEt_1_25.jpg: 1
C:/Documents and Settings/Guilhem Vellut/Desktop/Science/GEopochi/GEopochi/GEopochi/config/../tmp/cache/wafu/ortho/2/GEt_2_93.jpg: 1
C:/Documents and Settings/Guilhem Vellut/Desktop/Science/GEopochi/GEopochi/GEopochi/config/../tmp/cache/spm/ortho/3/GEt_3_4.jpg: 1
C:/Documents and Settings/Guilhem Vellut/Desktop/Science/GEopochi/GEopochi/GEopochi/config/../tmp/cache/spm/ortho/4/GEt_3_3.jpg: 2
C:/Documents and Settings/Guilhem Vellut/Desktop/Science/GEopochi/GEopochi/GEopochi/config/../tmp/cache/wafu/ortho/0/GEt_6_384.jpg: 1
C:/Documents and Settings/Guilhem Vellut/Desktop/Science/GEopochi/GEopochi/GEopochi/config/../tmp/cache/wafu/ortho/3/GEt_1_46.jpg: 1
C:/Documents and Settings/Guilhem Vellut/Desktop/Science/GEopochi/GEopochi/GEopochi/config/../tmp/cache/spm/ortho/1/GEt_23_26.jpg: 1
C:/Documents and Settings/Guilhem Vellut/Desktop/Science/GEopochi/GEopochi/GEopochi/config/../tmp/cache/spm/ortho/2/GEt_13_12.jpg: 1
C:/Documents and Settings/Guilhem Vellut/Desktop/Science/GEopochi/GEopochi/GEopochi/config/../tmp/cache/wafu/ortho/1/GEt_2_191.jpg: 1
C:/Documents and Settings/Guilhem Vellut/Desktop/Science/GEopochi/GEopochi/GEopochi/config/../tmp/cache/spm/ortho/0/GEt_49_56.jpg: 1
C:/Documents and Settings/Guilhem Vellut/Desktop/Science/GEopochi/GEopochi/GEopochi/config/../tmp/cache/spm/ortho/1/GEt_22_29.jpg: 1
C:/Documents and Settings/Guilhem Vellut/Desktop/Science/GEopochi/GEopochi/GEopochi/config/../tmp/cache/spm/ortho/1/GEt_21_24.jpg: 1
C:/Documents and Settings/Guilhem Vellut/Desktop/Science/GEopochi/GEopochi/GEopochi/config/../tmp/cache/spm/ortho/0/GEt_48_55.jpg: 1
C:/Documents and Settings/Guilhem Vellut/Desktop/Science/GEopochi/GEopochi/GEopochi/config/../tmp/cache/spm/ortho/2/GEt_11_14.jpg: 1
C:/Documents and Settings/Guilhem Vellut/Desktop/Science/GEopochi/GEopochi/GEopochi/config/../tmp/cache/wafu/ortho/2/GEt_4_94.jpg: 1
C:/Documents and Settings/Guilhem Vellut/Desktop/Science/GEopochi/GEopochi/GEopochi/config/../tmp/cache/spm/ortho/1/GEt_20_27.jpg: 1
C:/Documents and Settings/Guilhem Vellut/Desktop/Science/GEopochi/GEopochi/GEopochi/config/../tmp/cache/mart/ortho/4/GEt_4_4.jpg: 1
C:/Documents and Settings/Guilhem Vellut/Desktop/Science/GEopochi/GEopochi/GEopochi/config/../tmp/cache/spm/ortho/4/GEt_2_3.jpg: 1
C:/Documents and Settings/Guilhem Vellut/Desktop/Science/GEopochi/GEopochi/GEopochi/config/../tmp/cache/mart/ortho/7/GEt_0_0.jpg: 2
C:/Documents and Settings/Guilhem Vellut/Desktop/Science/GEopochi/GEopochi/GEopochi/config/../tmp/cache/wafu/ortho/2/GEt_3_93.jpg: 1
C:/Documents and Settings/Guilhem Vellut/Desktop/Science/GEopochi/GEopochi/GEopochi/config/../tmp/cache/spm/ortho/3/GEt_6_7.jpg: 1
C:/Documents and Settings/Guilhem Vellut/Desktop/Science/GEopochi/GEopochi/GEopochi/config/../tmp/cache/wafu/ortho/2/GEt_2_96.jpg: 1
C:/Documents and Settings/Guilhem Vellut/Desktop/Science/GEopochi/GEopochi/GEopochi/config/../tmp/cache/spm/ortho/4/GEt_3_2.jpg: 1
C:/Documents and Settings/Guilhem Vellut/Desktop/Science/GEopochi/GEopochi/GEopochi/config/../tmp/cache/mart/ortho/5/GEt_2_2.jpg: 1
C:/Documents and Settings/Guilhem Vellut/Desktop/Science/GEopochi/GEopochi/GEopochi/config/../public/images/na.jpg: 1
C:/Documents and Settings/Guilhem Vellut/Desktop/Science/GEopochi/GEopochi/GEopochi/config/../tmp/cache/wafu/ortho/0/GEt_6_387.jpg: 1
C:/Documents and Settings/Guilhem Vellut/Desktop/Science/GEopochi/GEopochi/GEopochi/config/../tmp/cache/mart/ortho/3/GEt_10_9.jpg: 1
C:/Documents and Settings/Guilhem Vellut/Desktop/Science/GEopochi/GEopochi/GEopochi/config/../tmp/cache/spm/ortho/0/GEt_38_59.jpg: 1
C:/Documents and Settings/Guilhem Vellut/Desktop/Science/GEopochi/GEopochi/GEopochi/config/../tmp/cache/spm/ortho/1/GEt_19_29.jpg: 1
C:/Documents and Settings/Guilhem Vellut/Desktop/Science/GEopochi/GEopochi/GEopochi/config/../tmp/cache/spm/ortho/4/GEt_1_3.jpg: 2
C:/Documents and Settings/Guilhem Vellut/Desktop/Science/GEopochi/GEopochi/GEopochi/config/../tmp/cache/wafu/ortho/0/GEt_7_382.jpg: 1
C:/Documents and Settings/Guilhem Vellut/Desktop/Science/GEopochi/GEopochi/GEopochi/config/../tmp/cache/spm/ortho/0/GEt_36_57.jpg: 1
C:/Documents and Settings/Guilhem Vellut/Desktop/Science/GEopochi/GEopochi/GEopochi/config/../tmp/cache/spm/ortho/2/GEt_9_14.jpg: 1
C:/Documents and Settings/Guilhem Vellut/Desktop/Science/GEopochi/GEopochi/GEopochi/config/../tmp/cache/spm/ortho/2/GEt_11_13.jpg: 1
C:/Documents and Settings/Guilhem Vellut/Desktop/Science/GEopochi/GEopochi/GEopochi/config/../tmp/cache/wafu/ortho/2/GEt_2_95.jpg: 1
C:/Documents and Settings/Guilhem Vellut/Desktop/Science/GEopochi/GEopochi/GEopochi/config/../tmp/cache/wafu/ortho/0/GEt_5_383.jpg: 1
C:/Documents and Settings/Guilhem Vellut/Desktop/Science/GEopochi/GEopochi/GEopochi/config/../tmp/cache/spm/ortho/1/GEt_25_24.jpg: 1
C:/Documents and Settings/Guilhem Vellut/Desktop/Science/GEopochi/GEopochi/GEopochi/config/../tmp/cache/spm/ortho/0/GEt_37_60.jpg: 1
C:/Documents and Settings/Guilhem Vellut/Desktop/Science/GEopochi/GEopochi/GEopochi/config/../tmp/cache/wafu/ortho/2/GEt_1_94.jpg: 1
C:/Documents and Settings/Guilhem Vellut/Desktop/Science/GEopochi/GEopochi/GEopochi/config/../tmp/cache/mart/ortho/6/GEt_1_1.jpg: 1
C:/Documents and Settings/Guilhem Vellut/Desktop/Science/GEopochi/GEopochi/GEopochi/config/../tmp/cache/mart/ortho/3/GEt_9_8.jpg: 1
C:/Documents and Settings/Guilhem Vellut/Desktop/Science/GEopochi/GEopochi/GEopochi/config/../tmp/cache/spm/ortho/1/GEt_18_30.jpg: 1
C:/Documents and Settings/Guilhem Vellut/Desktop/Science/GEopochi/GEopochi/GEopochi/config/../tmp/cache/wafu/ortho/0/GEt_6_386.jpg: 1
C:/Documents and Settings/Guilhem Vellut/Desktop/Science/GEopochi/GEopochi/GEopochi/config/../tmp/cache/spm/ortho/1/GEt_24_27.jpg: 1
C:/Documents and Settings/Guilhem Vellut/Desktop/Science/GEopochi/GEopochi/GEopochi/config/../tmp/cache/spm/ortho/5/GEt_0_0.jpg: 1
C:/Documents and Settings/Guilhem Vellut/Desktop/Science/GEopochi/GEopochi/GEopochi/config/../tmp/cache/spm/ortho/0/GEt_38_58.jpg: 1
C:/Documents and Settings/Guilhem Vellut/Desktop/Science/GEopochi/GEopochi/GEopochi/config/../tmp/cache/wafu/ortho/1/GEt_2_193.jpg: 1
C:/Documents and Settings/Guilhem Vellut/Desktop/Science/GEopochi/GEopochi/GEopochi/config/../tmp/cache/spm/ortho/1/GEt_17_22.jpg: 1
C:/Documents and Settings/Guilhem Vellut/Desktop/Science/GEopochi/GEopochi/GEopochi/config/../tmp/cache/spm/ortho/2/GEt_10_11.jpg: 1
C:/Documents and Settings/Guilhem Vellut/Desktop/Science/GEopochi/GEopochi/GEopochi/config/../tmp/cache/spm/ortho/2/GEt_8_12.jpg: 1
C:/Documents and Settings/Guilhem Vellut/Desktop/Science/GEopochi/GEopochi/GEopochi/config/../tmp/cache/spm/ortho/0/GEt_36_45.jpg: 1
log/mongrel_debug/files.log: 1
C:/Documents and Settings/Guilhem Vellut/Desktop/Science/GEopochi/GEopochi/GEopochi/config/../tmp/cache/mart/ortho/6/GEt_0_1.jpg: 1
C:/Documents and Settings/Guilhem Vellut/Desktop/Science/GEopochi/GEopochi/GEopochi/config/../tmp/cache/wafu/ortho/2/GEt_3_95.jpg: 1
C:/Documents and Settings/Guilhem Vellut/Desktop/Science/GEopochi/GEopochi/GEopochi/config/../tmp/cache/spm/ortho/0/GEt_34_58.jpg: 1
C:/Documents and Settings/Guilhem Vellut/Desktop/Science/GEopochi/GEopochi/GEopochi/config/../tmp/cache/mart/ortho/6/GEt_1_0.jpg: 1
C:/Documents and Settings/Guilhem Vellut/Desktop/Science/GEopochi/GEopochi/GEopochi/config/../tmp/cache/wafu/ortho/6/GEt_1_6.jpg: 1
C:/Documents and Settings/Guilhem Vellut/Desktop/Science/GEopochi/GEopochi/GEopochi/config/../tmp/cache/wafu/ortho/4/GEt_1_24.jpg: 1
C:/Documents and Settings/Guilhem Vellut/Desktop/Science/GEopochi/GEopochi/GEopochi/config/../tmp/cache/wafu/ortho/0/GEt_5_386.jpg: 1
C:/Documents and Settings/Guilhem Vellut/Desktop/Science/GEopochi/GEopochi/GEopochi/config/../tmp/cache/spm/ortho/0/GEt_50_57.jpg: 1
C:/Documents and Settings/Guilhem Vellut/Desktop/Science/GEopochi/GEopochi/GEopochi/config/../tmp/cache/wafu/ortho/2/GEt_0_96.jpg: 1
C:/Documents and Settings/Guilhem Vellut/Desktop/Science/GEopochi/GEopochi/GEopochi/config/../tmp/cache/spm/ortho/3/GEt_7_6.jpg: 1
C:/Documents and Settings/Guilhem Vellut/Desktop/Science/GEopochi/GEopochi/GEopochi/config/../tmp/cache/spm/ortho/1/GEt_25_27.jpg: 1
C:/Documents and Settings/Guilhem Vellut/Desktop/Science/GEopochi/GEopochi/GEopochi/config/../tmp/cache/spm/ortho/1/GEt_23_25.jpg: 1
C:/Documents and Settings/Guilhem Vellut/Desktop/Science/GEopochi/GEopochi/GEopochi/config/../tmp/cache/wafu/ortho/1/GEt_5_192.jpg: 1
C:/Documents and Settings/Guilhem Vellut/Desktop/Science/GEopochi/GEopochi/GEopochi/config/../tmp/cache/spm/ortho/1/GEt_22_28.jpg: 1
C:/Documents and Settings/Guilhem Vellut/Desktop/Science/GEopochi/GEopochi/GEopochi/config/../tmp/cache/spm/ortho/0/GEt_36_59.jpg: 1
C:/Documents and Settings/Guilhem Vellut/Desktop/Science/GEopochi/GEopochi/GEopochi/config/../tmp/cache/spm/ortho/2/GEt_8_11.jpg: 1
C:/Documents and Settings/Guilhem Vellut/Desktop/Science/GEopochi/GEopochi/GEopochi/config/../tmp/cache/spm/ortho/3/GEt_5_5.jpg: 1
C:/Documents and Settings/Guilhem Vellut/Desktop/Science/GEopochi/GEopochi/GEopochi/config/../tmp/cache/mart/ortho/3/GEt_11_8.jpg: 1
C:/Documents and Settings/Guilhem Vellut/Desktop/Science/GEopochi/GEopochi/GEopochi/config/../tmp/cache/wafu/ortho/7/GEt_0_3.jpg: 1
C:/Documents and Settings/Guilhem Vellut/Desktop/Science/GEopochi/GEopochi/GEopochi/config/../tmp/cache/spm/ortho/0/GEt_35_58.jpg: 1
C:/Documents and Settings/Guilhem Vellut/Desktop/Science/GEopochi/GEopochi/GEopochi/config/../tmp/cache/wafu/ortho/1/GEt_3_193.jpg: 1
C:/Documents and Settings/Guilhem Vellut/Desktop/Science/GEopochi/GEopochi/GEopochi/config/../tmp/cache/wafu/ortho/0/GEt_5_385.jpg: 1
C:/Documents and Settings/Guilhem Vellut/Desktop/Science/GEopochi/GEopochi/GEopochi/config/../tmp/cache/wafu/ortho/4/GEt_2_24.jpg: 1
C:/Documents and Settings/Guilhem Vellut/Desktop/Science/GEopochi/GEopochi/GEopochi/config/../tmp/cache/spm/ortho/0/GEt_45_53.jpg: 1
C:/Documents and Settings/Guilhem Vellut/Desktop/Science/GEopochi/GEopochi/GEopochi/config/../log/production.log: 1
C:/Documents and Settings/Guilhem Vellut/Desktop/Science/GEopochi/GEopochi/GEopochi/config/../tmp/cache/spm/ortho/2/GEt_8_15.jpg: 1
C:/Documents and Settings/Guilhem Vellut/Desktop/Science/GEopochi/GEopochi/GEopochi/config/../tmp/cache/wafu/ortho/2/GEt_1_96.jpg: 1
C:/Documents and Settings/Guilhem Vellut/Desktop/Science/GEopochi/GEopochi/GEopochi/config/../tmp/cache/wafu/ortho/0/GEt_8_385.jpg: 1
C:/Documents and Settings/Guilhem Vellut/Desktop/Science/GEopochi/GEopochi/GEopochi/config/../tmp/cache/spm/ortho/3/GEt_3_6.jpg: 2
C:/Documents and Settings/Guilhem Vellut/Desktop/Science/GEopochi/GEopochi/GEopochi/config/../tmp/cache/spm/ortho/1/GEt_23_24.jpg: 1
C:/Documents and Settings/Guilhem Vellut/Desktop/Science/GEopochi/GEopochi/GEopochi/config/../tmp/cache/mart/ortho/5/GEt_2_1.jpg: 1
C:/Documents and Settings/Guilhem Vellut/Desktop/Science/GEopochi/GEopochi/GEopochi/config/../tmp/cache/spm/ortho/3/GEt_4_5.jpg: 1
C:/Documents and Settings/Guilhem Vellut/Desktop/Science/GEopochi/GEopochi/GEopochi/config/../tmp/cache/spm/ortho/1/GEt_24_29.jpg: 1
C:/Documents and Settings/Guilhem Vellut/Desktop/Science/GEopochi/GEopochi/GEopochi/config/../tmp/cache/spm/ortho/0/GEt_37_59.jpg: 1
C:/Documents and Settings/Guilhem Vellut/Desktop/Science/GEopochi/GEopochi/GEopochi/config/../tmp/cache/spm/ortho/1/GEt_22_23.jpg: 1
C:/Documents and Settings/Guilhem Vellut/Desktop/Science/GEopochi/GEopochi/GEopochi/config/../tmp/cache/spm/ortho/1/GEt_18_29.jpg: 1
C:/Documents and Settings/Guilhem Vellut/Desktop/Science/GEopochi/GEopochi/GEopochi/config/../tmp/cache/spm/ortho/2/GEt_9_11.jpg: 1
C:/Documents and Settings/Guilhem Vellut/Desktop/Science/GEopochi/GEopochi/GEopochi/config/../tmp/cache/spm/ortho/2/GEt_13_14.jpg: 1
C:/Documents and Settings/Guilhem Vellut/Desktop/Science/GEopochi/GEopochi/GEopochi/config/../tmp/cache/wafu/ortho/5/GEt_1_12.jpg: 1
C:/Documents and Settings/Guilhem Vellut/Desktop/Science/GEopochi/GEopochi/GEopochi/config/../tmp/cache/wafu/ortho/3/GEt_1_48.jpg: 1
C:/Documents and Settings/Guilhem Vellut/Desktop/Science/GEopochi/GEopochi/GEopochi/config/../tmp/cache/spm/ortho/1/GEt_23_28.jpg: 1
C:/Documents and Settings/Guilhem Vellut/Desktop/Science/GEopochi/GEopochi/GEopochi/config/../tmp/cache/guya/ortho/9/GEt_0_0.jpg: 1
C:/Documents and Settings/Guilhem Vellut/Desktop/Science/GEopochi/GEopochi/GEopochi/config/../tmp/cache/wafu/ortho/0/GEt_4_385.jpg: 1
C:/Documents and Settings/Guilhem Vellut/Desktop/Science/GEopochi/GEopochi/GEopochi/config/../tmp/cache/spm/ortho/1/GEt_21_26.jpg: 1
C:/Documents and Settings/Guilhem Vellut/Desktop/Science/GEopochi/GEopochi/GEopochi/config/../tmp/cache/spm/ortho/0/GEt_35_57.jpg: 1
C:/Documents and Settings/Guilhem Vellut/Desktop/Science/GEopochi/GEopochi/GEopochi/config/../tmp/cache/wafu/ortho/8/GEt_0_1.jpg: 1
C:/Documents and Settings/Guilhem Vellut/Desktop/Science/GEopochi/GEopochi/GEopochi/config/../tmp/cache/wafu/ortho/4/GEt_2_23.jpg: 1
C:/Documents and Settings/Guilhem Vellut/Desktop/Science/GEopochi/GEopochi/GEopochi/config/../tmp/cache/spm/ortho/2/GEt_8_14.jpg: 1
C:/Documents and Settings/Guilhem Vellut/Desktop/Science/GEopochi/GEopochi/GEopochi/config/../tmp/cache/spm/ortho/3/GEt_3_5.jpg: 1
C:/Documents and Settings/Guilhem Vellut/Desktop/Science/GEopochi/GEopochi/GEopochi/config/../tmp/cache/wafu/ortho/9/GEt_0_0.jpg: 1
C:/Documents and Settings/Guilhem Vellut/Desktop/Science/GEopochi/GEopochi/GEopochi/config/../tmp/cache/wafu/ortho/1/GEt_4_191.jpg: 1
C:/Documents and Settings/Guilhem Vellut/Desktop/Science/GEopochi/GEopochi/GEopochi/config/../tmp/cache/spm/ortho/1/GEt_17_30.jpg: 1
C:/Documents and Settings/Guilhem Vellut/Desktop/Science/GEopochi/GEopochi/GEopochi/config/../tmp/cache/spm/ortho/1/GEt_25_29.jpg: 1
C:/Documents and Settings/Guilhem Vellut/Desktop/Science/GEopochi/GEopochi/GEopochi/config/../tmp/cache/spm/ortho/0/GEt_46_48.jpg: 1
C:/Documents and Settings/Guilhem Vellut/Desktop/Science/GEopochi/GEopochi/GEopochi/config/../tmp/cache/spm/ortho/0/GEt_36_60.jpg: 1
C:/Documents and Settings/Guilhem Vellut/Desktop/Science/GEopochi/GEopochi/GEopochi/config/../tmp/cache/spm/ortho/1/GEt_24_24.jpg: 1
C:/Documents and Settings/Guilhem Vellut/Desktop/Science/GEopochi/GEopochi/GEopochi/config/../tmp/cache/wafu/ortho/5/GEt_1_11.jpg: 1
C:/Documents and Settings/Guilhem Vellut/Desktop/Science/GEopochi/GEopochi/GEopochi/config/../tmp/cache/wafu/ortho/1/GEt_2_192.jpg: 1
C:/Documents and Settings/Guilhem Vellut/Desktop/Science/GEopochi/GEopochi/GEopochi/config/../tmp/cache/wafu/ortho/3/GEt_1_47.jpg: 1
C:/Documents and Settings/Guilhem Vellut/Desktop/Science/GEopochi/GEopochi/GEopochi/config/../tmp/cache/spm/ortho/1/GEt_23_27.jpg: 1
C:/Documents and Settings/Guilhem Vellut/Desktop/Science/GEopochi/GEopochi/GEopochi/config/../tmp/cache/spm/ortho/2/GEt_12_12.jpg: 2
C:/Documents and Settings/Guilhem Vellut/Desktop/Science/GEopochi/GEopochi/GEopochi/config/../tmp/cache/wafu/ortho/5/GEt_0_10.jpg: 1
C:/Documents and Settings/Guilhem Vellut/Desktop/Science/GEopochi/GEopochi/GEopochi/config/../tmp/cache/spm/ortho/1/GEt_16_22.jpg: 1
C:/Documents and Settings/Guilhem Vellut/Desktop/Science/GEopochi/GEopochi/GEopochi/config/../tmp/cache/spm/ortho/1/GEt_21_25.jpg: 1
C:/Documents and Settings/Guilhem Vellut/Desktop/Science/GEopochi/GEopochi/GEopochi/config/../tmp/cache/wafu/ortho/0/GEt_7_384.jpg: 1
C:/Documents and Settings/Guilhem Vellut/Desktop/Science/GEopochi/GEopochi/GEopochi/config/../tmp/cache/spm/ortho/2/GEt_10_10.jpg: 1
C:/Documents and Settings/Guilhem Vellut/Desktop/Science/GEopochi/GEopochi/GEopochi/config/../tmp/cache/spm/ortho/0/GEt_48_56.jpg: 1
C:/Documents and Settings/Guilhem Vellut/Desktop/Science/GEopochi/GEopochi/GEopochi/config/../tmp/cache/spm/ortho/2/GEt_11_15.jpg: 1
C:/Documents and Settings/Guilhem Vellut/Desktop/Science/GEopochi/GEopochi/GEopochi/config/../tmp/cache/wafu/ortho/2/GEt_5_96.jpg: 1
C:/Documents and Settings/Guilhem Vellut/Desktop/Science/GEopochi/GEopochi/GEopochi/config/../tmp/cache/wafu/ortho/2/GEt_3_94.jpg: 1
C:/Documents and Settings/Guilhem Vellut/Desktop/Science/GEopochi/GEopochi/GEopochi/config/../tmp/cache/wafu/ortho/4/GEt_0_24.jpg: 1
C:/Documents and Settings/Guilhem Vellut/Desktop/Science/GEopochi/GEopochi/GEopochi/config/../tmp/cache/wafu/ortho/3/GEt_2_47.jpg: 1
C:/Documents and Settings/Guilhem Vellut/Desktop/Science/GEopochi/GEopochi/GEopochi/config/../tmp/cache/spm/ortho/1/GEt_22_25.jpg: 1
C:/Documents and Settings/Guilhem Vellut/Desktop/Science/GEopochi/GEopochi/GEopochi/config/../tmp/cache/spm/ortho/2/GEt_12_11.jpg: 1
C:/Documents and Settings/Guilhem Vellut/Desktop/Science/GEopochi/GEopochi/GEopochi/config/../tmp/cache/wafu/ortho/2/GEt_5_95.jpg: 1
C:/Documents and Settings/Guilhem Vellut/Desktop/Science/GEopochi/GEopochi/GEopochi/config/../tmp/cache/wafu/ortho/1/GEt_3_190.jpg: 1
C:/Documents and Settings/Guilhem Vellut/Desktop/Science/GEopochi/GEopochi/GEopochi/config/../tmp/cache/spm/ortho/1/GEt_21_28.jpg: 1
C:/Documents and Settings/Guilhem Vellut/Desktop/Science/GEopochi/GEopochi/GEopochi/config/../tmp/cache/wafu/ortho/0/GEt_7_383.jpg: 1
C:/Documents and Settings/Guilhem Vellut/Desktop/Science/GEopochi/GEopochi/GEopochi/config/../tmp/cache/spm/ortho/5/GEt_1_1.jpg: 1
C:/Documents and Settings/Guilhem Vellut/Desktop/Science/GEopochi/GEopochi/GEopochi/config/../tmp/cache/spm/ortho/2/GEt_10_13.jpg: 2
C:/Documents and Settings/Guilhem Vellut/Desktop/Science/GEopochi/GEopochi/GEopochi/config/../tmp/cache/mart/ortho/3/GEt_8_8.jpg: 1
C:/Documents and Settings/Guilhem Vellut/Desktop/Science/GEopochi/GEopochi/GEopochi/config/../tmp/cache/wafu/ortho/7/GEt_0_2.jpg: 1
C:/Documents and Settings/Guilhem Vellut/Desktop/Science/GEopochi/GEopochi/GEopochi/config/../tmp/cache/spm/ortho/0/GEt_45_52.jpg: 1
C:/Documents and Settings/Guilhem Vellut/Desktop/Science/GEopochi/GEopochi/GEopochi/config/../tmp/cache/wafu/ortho/0/GEt_8_382.jpg: 1
C:/Documents and Settings/Guilhem Vellut/Desktop/Science/GEopochi/GEopochi/GEopochi/config/../tmp/cache/mart/ortho/4/GEt_5_3.jpg: 1

D, [2007-01-21T00:23:16.038000 #5080] DEBUG -- : TRACING ON Sun Jan 21 00:23:16 Romance Standard Time 2007
D, [2007-01-24T23:07:33.687000 #720] DEBUG -- : TRACING ON Wed Jan 24 23:07:33 Romance Standard Time 2007
FILES OPEN AT EXIT
--- 
log/mongrel_debug/files.log: 1
C:/Documents and Settings/Guilhem Vellut/Desktop/Science/GEopochi/GEopochi/GEopochi/config/../tmp/cache/metr/grk/4/Wt_5.684135_45.129098_5.812646_45.257608.png: 1
C:/Documents and Settings/Guilhem Vellut/Desktop/Science/GEopochi/GEopochi/GEopochi/config/../log/production.log: 1

D, [2007-02-16T18:29:09.437000 #3240] DEBUG -- : TRACING ON Fri Feb 16 18:29:09 Romance Standard Time 2007
D, [2007-04-18T18:07:31.899000 #2576] DEBUG -- : TRACING ON Wed Apr 18 18:07:31 Romance Daylight Time 2007
